This file contains any messages produced by compilers while
running configure, to aid debugging if configure makes a mistake.

It was created by cpabe configure 0.11, which was
generated by GNU Autoconf 2.69.  Invocation command line was

  $ ./configure 

## --------- ##
## Platform. ##
## --------- ##

hostname = 15-152-131-140.csie.au.edu.tw
uname -m = x86_64
uname -r = 3.10.0-514.el7.x86_64
uname -s = Linux
uname -v = #1 SMP Tue Nov 22 16:42:41 UTC 2016

/usr/bin/uname -p = x86_64
/bin/uname -X     = unknown

/bin/arch              = x86_64
/usr/bin/arch -k       = unknown
/usr/convex/getsysinfo = unknown
/usr/bin/hostinfo      = unknown
/bin/machine           = unknown
/usr/bin/oslevel       = unknown
/bin/universe          = unknown

PATH: /usr/lib64/qt-3.3/bin
PATH: /usr/local/bin
PATH: /usr/bin
PATH: /usr/local/sbin
PATH: /usr/sbin
PATH: /usr/local/tomcat/apache-tomcat-9.0.0.M17/bin
PATH: /home/ucanadmin/.local/bin
PATH: /home/ucanadmin/bin


## ----------- ##
## Core tests. ##
## ----------- ##

configure:2252: checking whether to enable debugging
configure:2270: result: no
configure:2277: checking for bison
configure:2293: found /usr/bin/bison
configure:2304: result: bison -y
configure:2364: checking for gcc
configure:2380: found /usr/bin/gcc
configure:2391: result: gcc
configure:2620: checking for C compiler version
configure:2629: gcc --version >&5
gcc (GCC) 4.8.5 20150623 (Red Hat 4.8.5-11)
Copyright (C) 2015 Free Software Foundation, Inc.
This is free software; see the source for copying conditions.  There is NO
warranty; not even for MERCHANTABILITY or FITNESS FOR A PARTICULAR PURPOSE.

configure:2640: $? = 0
configure:2629: gcc -v >&5
Using built-in specs.
COLLECT_GCC=gcc
COLLECT_LTO_WRAPPER=/usr/libexec/gcc/x86_64-redhat-linux/4.8.5/lto-wrapper
Target: x86_64-redhat-linux
Configured with: ../configure --prefix=/usr --mandir=/usr/share/man --infodir=/usr/share/info --with-bugurl=http://bugzilla.redhat.com/bugzilla --enable-bootstrap --enable-shared --enable-threads=posix --enable-checking=release --with-system-zlib --enable-__cxa_atexit --disable-libunwind-exceptions --enable-gnu-unique-object --enable-linker-build-id --with-linker-hash-style=gnu --enable-languages=c,c++,objc,obj-c++,java,fortran,ada,go,lto --enable-plugin --enable-initfini-array --disable-libgcj --with-isl=/builddir/build/BUILD/gcc-4.8.5-20150702/obj-x86_64-redhat-linux/isl-install --with-cloog=/builddir/build/BUILD/gcc-4.8.5-20150702/obj-x86_64-redhat-linux/cloog-install --enable-gnu-indirect-function --with-tune=generic --with-arch_32=x86-64 --build=x86_64-redhat-linux
Thread model: posix
gcc version 4.8.5 20150623 (Red Hat 4.8.5-11) (GCC) 
configure:2640: $? = 0
configure:2629: gcc -V >&5
gcc: error: unrecognized command line option '-V'
gcc: fatal error: no input files
compilation terminated.
configure:2640: $? = 4
configure:2629: gcc -qversion >&5
gcc: error: unrecognized command line option '-qversion'
gcc: fatal error: no input files
compilation terminated.
configure:2640: $? = 4
configure:2660: checking whether the C compiler works
configure:2682: gcc -O3 -Wall  -O3 -Wall conftest.c  >&5
configure:2686: $? = 0
configure:2734: result: yes
configure:2737: checking for C compiler default output file name
configure:2739: result: a.out
configure:2745: checking for suffix of executables
configure:2752: gcc -o conftest -O3 -Wall  -O3 -Wall conftest.c  >&5
configure:2756: $? = 0
configure:2778: result: 
configure:2800: checking whether we are cross compiling
configure:2808: gcc -o conftest -O3 -Wall  -O3 -Wall conftest.c  >&5
configure:2812: $? = 0
configure:2819: ./conftest
configure:2823: $? = 0
configure:2838: result: no
configure:2843: checking for suffix of object files
configure:2865: gcc -c -O3 -Wall  conftest.c >&5
configure:2869: $? = 0
configure:2890: result: o
configure:2894: checking whether we are using the GNU C compiler
configure:2913: gcc -c -O3 -Wall  conftest.c >&5
configure:2913: $? = 0
configure:2922: result: yes
configure:2931: checking whether gcc accepts -g
configure:2951: gcc -c -g  conftest.c >&5
configure:2951: $? = 0
configure:2992: result: yes
configure:3009: checking for gcc option to accept ISO C89
configure:3072: gcc  -c -O3 -Wall  conftest.c >&5
configure:3072: $? = 0
configure:3085: result: none needed
configure:3112: checking for an ANSI C-conforming const
configure:3178: gcc -c -O3 -Wall  conftest.c >&5
configure:3178: $? = 0
configure:3185: result: yes
configure:3198: checking how to run the C preprocessor
configure:3229: gcc -E  conftest.c
configure:3229: $? = 0
configure:3243: gcc -E  conftest.c
conftest.c:9:28: fatal error: ac_nonexistent.h: No such file or directory
 #include <ac_nonexistent.h>
                            ^
compilation terminated.
configure:3243: $? = 1
configure: failed program was:
| /* confdefs.h */
| #define PACKAGE_NAME "cpabe"
| #define PACKAGE_TARNAME "cpabe"
| #define PACKAGE_VERSION "0.11"
| #define PACKAGE_STRING "cpabe 0.11"
| #define PACKAGE_BUGREPORT "bethenco@cs.berkeley.edu"
| #define PACKAGE_URL ""
| /* end confdefs.h.  */
| #include <ac_nonexistent.h>
configure:3268: result: gcc -E
configure:3288: gcc -E  conftest.c
configure:3288: $? = 0
configure:3302: gcc -E  conftest.c
conftest.c:9:28: fatal error: ac_nonexistent.h: No such file or directory
 #include <ac_nonexistent.h>
                            ^
compilation terminated.
configure:3302: $? = 1
configure: failed program was:
| /* confdefs.h */
| #define PACKAGE_NAME "cpabe"
| #define PACKAGE_TARNAME "cpabe"
| #define PACKAGE_VERSION "0.11"
| #define PACKAGE_STRING "cpabe 0.11"
| #define PACKAGE_BUGREPORT "bethenco@cs.berkeley.edu"
| #define PACKAGE_URL ""
| /* end confdefs.h.  */
| #include <ac_nonexistent.h>
configure:3331: checking for grep that handles long lines and -e
configure:3389: result: /usr/bin/grep
configure:3394: checking for egrep
configure:3456: result: /usr/bin/grep -E
configure:3461: checking for ANSI C header files
configure:3481: gcc -c -O3 -Wall  conftest.c >&5
configure:3481: $? = 0
configure:3554: gcc -o conftest -O3 -Wall  -O3 -Wall conftest.c  >&5
configure:3554: $? = 0
configure:3554: ./conftest
configure:3554: $? = 0
configure:3565: result: yes
configure:3578: checking for sys/types.h
configure:3578: gcc -c -O3 -Wall  conftest.c >&5
configure:3578: $? = 0
configure:3578: result: yes
configure:3578: checking for sys/stat.h
configure:3578: gcc -c -O3 -Wall  conftest.c >&5
configure:3578: $? = 0
configure:3578: result: yes
configure:3578: checking for stdlib.h
configure:3578: gcc -c -O3 -Wall  conftest.c >&5
configure:3578: $? = 0
configure:3578: result: yes
configure:3578: checking for string.h
configure:3578: gcc -c -O3 -Wall  conftest.c >&5
configure:3578: $? = 0
configure:3578: result: yes
configure:3578: checking for memory.h
configure:3578: gcc -c -O3 -Wall  conftest.c >&5
configure:3578: $? = 0
configure:3578: result: yes
configure:3578: checking for strings.h
configure:3578: gcc -c -O3 -Wall  conftest.c >&5
configure:3578: $? = 0
configure:3578: result: yes
configure:3578: checking for inttypes.h
configure:3578: gcc -c -O3 -Wall  conftest.c >&5
configure:3578: $? = 0
configure:3578: result: yes
configure:3578: checking for stdint.h
configure:3578: gcc -c -O3 -Wall  conftest.c >&5
configure:3578: $? = 0
configure:3578: result: yes
configure:3578: checking for unistd.h
configure:3578: gcc -c -O3 -Wall  conftest.c >&5
configure:3578: $? = 0
configure:3578: result: yes
configure:3590: checking for size_t
configure:3590: gcc -c -O3 -Wall  conftest.c >&5
configure:3590: $? = 0
configure:3590: gcc -c -O3 -Wall  conftest.c >&5
conftest.c: In function 'main':
conftest.c:55:21: error: expected expression before ')' token
 if (sizeof ((size_t)))
                     ^
configure:3590: $? = 1
configure: failed program was:
| /* confdefs.h */
| #define PACKAGE_NAME "cpabe"
| #define PACKAGE_TARNAME "cpabe"
| #define PACKAGE_VERSION "0.11"
| #define PACKAGE_STRING "cpabe 0.11"
| #define PACKAGE_BUGREPORT "bethenco@cs.berkeley.edu"
| #define PACKAGE_URL ""
| #define STDC_HEADERS 1
| #define HAVE_SYS_TYPES_H 1
| #define HAVE_SYS_STAT_H 1
| #define HAVE_STDLIB_H 1
| #define HAVE_STRING_H 1
| #define HAVE_MEMORY_H 1
| #define HAVE_STRINGS_H 1
| #define HAVE_INTTYPES_H 1
| #define HAVE_STDINT_H 1
| #define HAVE_UNISTD_H 1
| /* end confdefs.h.  */
| #include <stdio.h>
| #ifdef HAVE_SYS_TYPES_H
| # include <sys/types.h>
| #endif
| #ifdef HAVE_SYS_STAT_H
| # include <sys/stat.h>
| #endif
| #ifdef STDC_HEADERS
| # include <stdlib.h>
| # include <stddef.h>
| #else
| # ifdef HAVE_STDLIB_H
| #  include <stdlib.h>
| # endif
| #endif
| #ifdef HAVE_STRING_H
| # if !defined STDC_HEADERS && defined HAVE_MEMORY_H
| #  include <memory.h>
| # endif
| # include <string.h>
| #endif
| #ifdef HAVE_STRINGS_H
| # include <strings.h>
| #endif
| #ifdef HAVE_INTTYPES_H
| # include <inttypes.h>
| #endif
| #ifdef HAVE_STDINT_H
| # include <stdint.h>
| #endif
| #ifdef HAVE_UNISTD_H
| # include <unistd.h>
| #endif
| int
| main ()
| {
| if (sizeof ((size_t)))
| 	    return 0;
|   ;
|   return 0;
| }
configure:3590: result: yes
configure:3601: checking for uint32_t
configure:3601: gcc -c -O3 -Wall  conftest.c >&5
configure:3601: $? = 0
configure:3601: result: yes
configure:3615: checking for uint64_t
configure:3615: gcc -c -O3 -Wall  conftest.c >&5
configure:3615: $? = 0
configure:3615: result: yes
configure:3630: checking for ANSI C header files
configure:3734: result: yes
configure:3745: checking fcntl.h usability
configure:3745: gcc -c -O3 -Wall  conftest.c >&5
configure:3745: $? = 0
configure:3745: result: yes
configure:3745: checking fcntl.h presence
configure:3745: gcc -E  conftest.c
configure:3745: $? = 0
configure:3745: result: yes
configure:3745: checking for fcntl.h
configure:3745: result: yes
configure:3745: checking stddef.h usability
configure:3745: gcc -c -O3 -Wall  conftest.c >&5
configure:3745: $? = 0
configure:3745: result: yes
configure:3745: checking stddef.h presence
configure:3745: gcc -E  conftest.c
configure:3745: $? = 0
configure:3745: result: yes
configure:3745: checking for stddef.h
configure:3745: result: yes
configure:3745: checking for string.h
configure:3745: result: yes
configure:3760: checking for stdlib.h
configure:3760: result: yes
configure:3770: checking for GNU libc compatible malloc
configure:3794: gcc -o conftest -O3 -Wall  -O3 -Wall conftest.c  >&5
configure:3794: $? = 0
configure:3794: ./conftest
configure:3794: $? = 0
configure:3804: result: yes
configure:3825: checking whether lstat correctly handles trailing slash
configure:3851: gcc -o conftest -O3 -Wall  -O3 -Wall conftest.c  >&5
configure:3851: $? = 0
configure:3851: ./conftest
configure:3851: $? = 0
configure:3868: result: yes
configure:3887: checking whether stat accepts an empty string
configure:3907: gcc -o conftest -O3 -Wall  -O3 -Wall conftest.c  >&5
configure:3907: $? = 0
configure:3907: ./conftest
configure:3907: $? = 0
configure:3917: result: no
configure:3935: checking for vprintf
configure:3935: gcc -o conftest -O3 -Wall  -O3 -Wall conftest.c  >&5
conftest.c:49:6: warning: conflicting types for built-in function 'vprintf' [enabled by default]
 char vprintf ();
      ^
configure:3935: $? = 0
configure:3935: result: yes
configure:3941: checking for _doprnt
configure:3941: gcc -o conftest -O3 -Wall  -O3 -Wall conftest.c  >&5
/tmp/ccM6MVUN.o: In function `main':
conftest.c:(.text.startup+0x7): undefined reference to `_doprnt'
collect2: error: ld returned 1 exit status
configure:3941: $? = 1
configure: failed program was:
| /* confdefs.h */
| #define PACKAGE_NAME "cpabe"
| #define PACKAGE_TARNAME "cpabe"
| #define PACKAGE_VERSION "0.11"
| #define PACKAGE_STRING "cpabe 0.11"
| #define PACKAGE_BUGREPORT "bethenco@cs.berkeley.edu"
| #define PACKAGE_URL ""
| #define STDC_HEADERS 1
| #define HAVE_SYS_TYPES_H 1
| #define HAVE_SYS_STAT_H 1
| #define HAVE_STDLIB_H 1
| #define HAVE_STRING_H 1
| #define HAVE_MEMORY_H 1
| #define HAVE_STRINGS_H 1
| #define HAVE_INTTYPES_H 1
| #define HAVE_STDINT_H 1
| #define HAVE_UNISTD_H 1
| #define STDC_HEADERS 1
| #define HAVE_FCNTL_H 1
| #define HAVE_STDDEF_H 1
| #define HAVE_STRING_H 1
| #define HAVE_STDLIB_H 1
| #define HAVE_MALLOC 1
| #define LSTAT_FOLLOWS_SLASHED_SYMLINK 1
| #define HAVE_VPRINTF 1
| /* end confdefs.h.  */
| /* Define _doprnt to an innocuous variant, in case <limits.h> declares _doprnt.
|    For example, HP-UX 11i <limits.h> declares gettimeofday.  */
| #define _doprnt innocuous__doprnt
| 
| /* System header to define __stub macros and hopefully few prototypes,
|     which can conflict with char _doprnt (); below.
|     Prefer <limits.h> to <assert.h> if __STDC__ is defined, since
|     <limits.h> exists even on freestanding compilers.  */
| 
| #ifdef __STDC__
| # include <limits.h>
| #else
| # include <assert.h>
| #endif
| 
| #undef _doprnt
| 
| /* Override any GCC internal prototype to avoid an error.
|    Use char because int might match the return type of a GCC
|    builtin and then its argument prototype would still apply.  */
| #ifdef __cplusplus
| extern "C"
| #endif
| char _doprnt ();
| /* The GNU C library defines this for functions which it implements
|     to always fail with ENOSYS.  Some functions are actually named
|     something starting with __ and the normal name is an alias.  */
| #if defined __stub__doprnt || defined __stub____doprnt
| choke me
| #endif
| 
| int
| main ()
| {
| return _doprnt ();
|   ;
|   return 0;
| }
configure:3941: result: no
configure:3952: checking for SHA1 in -lcrypto
configure:3977: gcc -o conftest -O3 -Wall  -O3 -Wall conftest.c -lcrypto   >&5
configure:3977: $? = 0
configure:3986: result: yes
configure:3999: checking for EVP_aes_128_cbc in -lcrypto
configure:4024: gcc -o conftest -O3 -Wall  -O3 -Wall conftest.c -lcrypto  -lcrypto  >&5
configure:4024: $? = 0
configure:4033: result: yes
configure:4049: checking for strchr
configure:4049: gcc -o conftest -O3 -Wall  -O3 -Wall conftest.c -lcrypto -lcrypto  >&5
conftest.c:52:6: warning: conflicting types for built-in function 'strchr' [enabled by default]
 char strchr ();
      ^
configure:4049: $? = 0
configure:4049: result: yes
configure:4049: checking for strdup
configure:4049: gcc -o conftest -O3 -Wall  -O3 -Wall conftest.c -lcrypto -lcrypto  >&5
conftest.c:53:6: warning: conflicting types for built-in function 'strdup' [enabled by default]
 char strdup ();
      ^
configure:4049: $? = 0
configure:4049: result: yes
configure:4049: checking for memset
configure:4049: gcc -o conftest -O3 -Wall  -O3 -Wall conftest.c -lcrypto -lcrypto  >&5
conftest.c:54:6: warning: conflicting types for built-in function 'memset' [enabled by default]
 char memset ();
      ^
configure:4049: $? = 0
configure:4049: result: yes
configure:4090: checking for pkg-config
configure:4108: found /usr/bin/pkg-config
configure:4121: result: /usr/bin/pkg-config
configure:4145: checking for GLIB - version >= 2.0.0
configure:4259: gcc -o conftest -O3 -Wall -I/usr/include/glib-2.0 -I/usr/lib64/glib-2.0/include    -O3 -Wall conftest.c -lglib-2.0   -lcrypto -lcrypto  >&5
configure:4259: $? = 0
configure:4259: ./conftest
configure:4259: $? = 0
configure:4273: result: yes (version 2.46.2)
configure:4341: checking for GMP version >= 4.0.0 or later
configure:4388: gcc -o conftest -O3 -Wall   -O3 -Wall conftest.c -lcrypto -lcrypto  -Wl,-rpath /usr/local/lib -lgmp >&5
configure:4388: $? = 0
configure:4403: gcc -o conftest -O3 -Wall   -O3 -Wall conftest.c -lcrypto -lcrypto  -Wl,-rpath /usr/local/lib -lgmp >&5
configure:4403: $? = 0
configure:4403: ./conftest
configure:4403: $? = 0
configure:4405: result: found
configure:4464: checking for the PBC library
configure:4511: gcc -o conftest -O3 -Wall -I/usr/include/pbc -I/usr/local/include/pbc   -O3 -Wall conftest.c -lcrypto -lcrypto  -Wl,-rpath /usr/local/lib -lpbc -Wl,-rpath /usr/local/lib -lgmp >&5
configure:4511: $? = 0
configure:4513: result: found
configure:4552: checking for libbswabe
configure:4602: gcc -o conftest -O3 -Wall  -I/usr/include/pbc -I/usr/local/include/pbc  -I/usr/include/glib-2.0 -I/usr/lib64/glib-2.0/include    -O3 -Wall conftest.c -lcrypto -lcrypto  -lbswabe -Wl,-rpath /usr/local/lib -lpbc -Wl,-rpath /usr/local/lib -lgmp -lglib-2.0   >&5
conftest.c: In function 'main':
conftest.c:41:19: warning: 'p' is used uninitialized in this function [-Wuninitialized]
    bswabe_pub_free(p);
                   ^
configure:4602: $? = 0
configure:4604: result: found
configure:4796: creating ./config.status

## ---------------------- ##
## Running config.status. ##
## ---------------------- ##

This file was extended by cpabe config.status 0.11, which was
generated by GNU Autoconf 2.69.  Invocation command line was

  CONFIG_FILES    = 
  CONFIG_HEADERS  = 
  CONFIG_LINKS    = 
  CONFIG_COMMANDS = 
  $ ./config.status 

on 15-152-131-140.csie.au.edu.tw

config.status:739: creating Makefile
config.status:838: WARNING:  'Makefile.in' seems to ignore the --datarootdir setting

## ---------------- ##
## Cache variables. ##
## ---------------- ##

ac_cv_c_compiler_gnu=yes
ac_cv_c_const=yes
ac_cv_c_uint32_t=yes
ac_cv_c_uint64_t=yes
ac_cv_env_CC_set=
ac_cv_env_CC_value=
ac_cv_env_CFLAGS_set=
ac_cv_env_CFLAGS_value=
ac_cv_env_CPPFLAGS_set=
ac_cv_env_CPPFLAGS_value=
ac_cv_env_CPP_set=
ac_cv_env_CPP_value=
ac_cv_env_LDFLAGS_set=
ac_cv_env_LDFLAGS_value=
ac_cv_env_LIBS_set=
ac_cv_env_LIBS_value=
ac_cv_env_YACC_set=
ac_cv_env_YACC_value=
ac_cv_env_YFLAGS_set=
ac_cv_env_YFLAGS_value=
ac_cv_env_build_alias_set=
ac_cv_env_build_alias_value=
ac_cv_env_host_alias_set=
ac_cv_env_host_alias_value=
ac_cv_env_target_alias_set=
ac_cv_env_target_alias_value=
ac_cv_func__doprnt=no
ac_cv_func_lstat_dereferences_slashed_symlink=yes
ac_cv_func_malloc_0_nonnull=yes
ac_cv_func_memset=yes
ac_cv_func_stat_empty_string_bug=no
ac_cv_func_strchr=yes
ac_cv_func_strdup=yes
ac_cv_func_vprintf=yes
ac_cv_header_fcntl_h=yes
ac_cv_header_inttypes_h=yes
ac_cv_header_memory_h=yes
ac_cv_header_stdc=yes
ac_cv_header_stddef_h=yes
ac_cv_header_stdint_h=yes
ac_cv_header_stdlib_h=yes
ac_cv_header_string_h=yes
ac_cv_header_strings_h=yes
ac_cv_header_sys_stat_h=yes
ac_cv_header_sys_types_h=yes
ac_cv_header_unistd_h=yes
ac_cv_lib_crypto_EVP_aes_128_cbc=yes
ac_cv_lib_crypto_SHA1=yes
ac_cv_objext=o
ac_cv_path_EGREP='/usr/bin/grep -E'
ac_cv_path_GREP=/usr/bin/grep
ac_cv_path_PKG_CONFIG=/usr/bin/pkg-config
ac_cv_prog_CPP='gcc -E'
ac_cv_prog_YACC='bison -y'
ac_cv_prog_ac_ct_CC=gcc
ac_cv_prog_cc_c89=
ac_cv_prog_cc_g=yes
ac_cv_type_size_t=yes

## ----------------- ##
## Output variables. ##
## ----------------- ##

BSWABE_CFLAGS=''
BSWABE_LIBS='-lbswabe'
CC='gcc'
CFLAGS='-O3 -Wall'
CPP='gcc -E'
CPPFLAGS=''
DEFS='-DPACKAGE_NAME=\"cpabe\" -DPACKAGE_TARNAME=\"cpabe\" -DPACKAGE_VERSION=\"0.11\" -DPACKAGE_STRING=\"cpabe\ 0.11\" -DPACKAGE_BUGREPORT=\"bethenco@cs.berkeley.edu\" -DPACKAGE_URL=\"\" -DSTDC_HEADERS=1 -DHAVE_SYS_TYPES_H=1 -DHAVE_SYS_STAT_H=1 -DHAVE_STDLIB_H=1 -DHAVE_STRING_H=1 -DHAVE_MEMORY_H=1 -DHAVE_STRINGS_H=1 -DHAVE_INTTYPES_H=1 -DHAVE_STDINT_H=1 -DHAVE_UNISTD_H=1 -DSTDC_HEADERS=1 -DHAVE_FCNTL_H=1 -DHAVE_STDDEF_H=1 -DHAVE_STRING_H=1 -DHAVE_STDLIB_H=1 -DHAVE_MALLOC=1 -DLSTAT_FOLLOWS_SLASHED_SYMLINK=1 -DHAVE_VPRINTF=1 -DHAVE_LIBCRYPTO=1 -DHAVE_LIBCRYPTO=1 -DHAVE_STRCHR=1 -DHAVE_STRDUP=1 -DHAVE_MEMSET=1 -DHAVE_GMP=1 -DHAVE_PBC=1 -DHAVE_BSWABE=1'
ECHO_C=''
ECHO_N='-n'
ECHO_T=''
EGREP='/usr/bin/grep -E'
EXEEXT=''
GLIB_CFLAGS='-I/usr/include/glib-2.0 -I/usr/lib64/glib-2.0/include  '
GLIB_GENMARSHAL='glib-genmarshal'
GLIB_LIBS='-lglib-2.0  '
GLIB_MKENUMS='glib-mkenums'
GMP_CFLAGS=''
GMP_LIBS='-Wl,-rpath /usr/local/lib -lgmp'
GOBJECT_QUERY='gobject-query'
GREP='/usr/bin/grep'
LDFLAGS='-O3 -Wall'
LIBOBJS=''
LIBS='-lcrypto -lcrypto '
LTLIBOBJS=''
OBJEXT='o'
PACKAGE_BUGREPORT='bethenco@cs.berkeley.edu'
PACKAGE_NAME='cpabe'
PACKAGE_STRING='cpabe 0.11'
PACKAGE_TARNAME='cpabe'
PACKAGE_URL=''
PACKAGE_VERSION='0.11'
PATH_SEPARATOR=':'
PBC_CFLAGS='-I/usr/include/pbc -I/usr/local/include/pbc'
PBC_LIBS='-Wl,-rpath /usr/local/lib -lpbc'
PKG_CONFIG='/usr/bin/pkg-config'
SHELL='/bin/sh'
YACC='bison -y'
YFLAGS=''
ac_ct_CC='gcc'
bindir='${exec_prefix}/bin'
build_alias=''
datadir='${datarootdir}'
datarootdir='${prefix}/share'
docdir='${datarootdir}/doc/${PACKAGE_TARNAME}'
dvidir='${docdir}'
exec_prefix='${prefix}'
host_alias=''
htmldir='${docdir}'
includedir='${prefix}/include'
infodir='${datarootdir}/info'
libdir='${exec_prefix}/lib'
libexecdir='${exec_prefix}/libexec'
localedir='${datarootdir}/locale'
localstatedir='${prefix}/var'
mandir='${datarootdir}/man'
oldincludedir='/usr/include'
pdfdir='${docdir}'
prefix='/usr/local'
program_transform_name='s,x,x,'
psdir='${docdir}'
sbindir='${exec_prefix}/sbin'
sharedstatedir='${prefix}/com'
sysconfdir='${prefix}/etc'
target_alias=''

## ----------- ##
## confdefs.h. ##
## ----------- ##

/* confdefs.h */
#define PACKAGE_NAME "cpabe"
#define PACKAGE_TARNAME "cpabe"
#define PACKAGE_VERSION "0.11"
#define PACKAGE_STRING "cpabe 0.11"
#define PACKAGE_BUGREPORT "bethenco@cs.berkeley.edu"
#define PACKAGE_URL ""
#define STDC_HEADERS 1
#define HAVE_SYS_TYPES_H 1
#define HAVE_SYS_STAT_H 1
#define HAVE_STDLIB_H 1
#define HAVE_STRING_H 1
#define HAVE_MEMORY_H 1
#define HAVE_STRINGS_H 1
#define HAVE_INTTYPES_H 1
#define HAVE_STDINT_H 1
#define HAVE_UNISTD_H 1
#define STDC_HEADERS 1
#define HAVE_FCNTL_H 1
#define HAVE_STDDEF_H 1
#define HAVE_STRING_H 1
#define HAVE_STDLIB_H 1
#define HAVE_MALLOC 1
#define LSTAT_FOLLOWS_SLASHED_SYMLINK 1
#define HAVE_VPRINTF 1
#define HAVE_LIBCRYPTO 1
#define HAVE_LIBCRYPTO 1
#define HAVE_STRCHR 1
#define HAVE_STRDUP 1
#define HAVE_MEMSET 1
#define HAVE_GMP 1
#define HAVE_PBC 1
#define HAVE_BSWABE 1

configure: exit 0
